Info: Nothing to build for Sprints
18:44:45 **** Incremental Build of configuration Debug for project Sprints ****
Info: Internal Builder is used for build
gcc -O0 -g3 -Wall -c -fmessage-length=0 -o main.o "..\\main.c" 
gcc -o Sprints.exe interface.o main.o prog.o 
main.o: In function `main':
D:\KS_ES\codes\Learn_In_Depth_KS\Sprints\Debug/../main.c:19: undefined reference to `x'
collect2.exe: error: ld returned 1 exit status
18:49:04 **** Incremental Build of configuration Debug for project Sprints ****
Info: Internal Builder is used for build
gcc -O0 -g3 -Wall -c -fmessage-length=0 -o main.o "..\\main.c" 
..\main.c: In function 'main':
..\main.c:21:2: warning: implicit declaration of function 'func' [-Wimplicit-function-declaration]
  func();
  ^~~~
..\main.c: In function 'funcccc':
..\main.c:33:8: warning: 'return' with a value, in function returning void
 return 0;
        ^
..\main.c:29:6: note: declared here
 void funcccc()
      ^~~~~~~
gcc -o Sprints.exe interface.o main.o prog.o 
18:49:54 **** Incremental Build of configuration Debug for project Sprints ****
Info: Internal Builder is used for build
gcc -O0 -g3 -Wall -c -fmessage-length=0 -o main.o "..\\main.c" 
..\main.c: In function 'main':
..\main.c:21:2: warning: implicit declaration of function 'func' [-Wimplicit-function-declaration]
  func();
  ^~~~
..\main.c: In function 'funcccc':
..\main.c:34:1: warning: control reaches end of non-void function [-Wreturn-type]
 }
 ^
gcc -o Sprints.exe interface.o main.o prog.o 
18:53:10 **** Incremental Build of configuration Debug for project Sprints ****
Info: Internal Builder is used for build
gcc -O0 -g3 -Wall -c -fmessage-length=0 -o main.o "..\\main.c" 
..\main.c: In function 'main':
..\main.c:20:2: warning: implicit declaration of function 'funcccc' [-Wimplicit-function-declaration]
  funcccc();
  ^~~~~~~
..\main.c: At top level:
..\main.c:28:6: warning: conflicting types for 'funcccc'
 void funcccc()
      ^~~~~~~
..\main.c:20:2: note: previous implicit declaration of 'funcccc' was here
  funcccc();
  ^~~~~~~
gcc -o Sprints.exe interface.o main.o prog.o 
18:53:17 **** Incremental Build of configuration Debug for project Sprints ****
Info: Internal Builder is used for build
gcc -O0 -g3 -Wall -c -fmessage-length=0 -o main.o "..\\main.c" 
..\main.c: In function 'main':
..\main.c:19:2: warning: implicit declaration of function 'funcccc' [-Wimplicit-function-declaration]
  funcccc();
  ^~~~~~~
..\main.c: At top level:
..\main.c:27:6: warning: conflicting types for 'funcccc'
 void funcccc()
      ^~~~~~~
..\main.c:19:2: note: previous implicit declaration of 'funcccc' was here
  funcccc();
  ^~~~~~~
gcc -o Sprints.exe interface.o main.o prog.o 
18:53:29 **** Incremental Build of configuration Debug for project Sprints ****
Info: Internal Builder is used for build
gcc -O0 -g3 -Wall -c -fmessage-length=0 -o main.o "..\\main.c" 
..\main.c: In function 'main':
..\main.c:19:2: warning: implicit declaration of function 'funcccc' [-Wimplicit-function-declaration]
  funcccc();
  ^~~~~~~
..\main.c: At top level:
..\main.c:27:6: warning: conflicting types for 'funcccc'
 void funcccc()
      ^~~~~~~
..\main.c:19:2: note: previous implicit declaration of 'funcccc' was here
  funcccc();
  ^~~~~~~
gcc -o Sprints.exe interface.o main.o prog.o 
18:54:19 **** Incremental Build of configuration Debug for project Sprints ****
Info: Internal Builder is used for build
gcc -O0 -g3 -Wall -c -fmessage-length=0 -o main.o "..\\main.c" 
..\main.c: In function 'main':
..\main.c:19:1: error: 'xx' undeclared (first use in this function)
 xx = 5;
 ^~
..\main.c:19:1: note: each undeclared identifier is reported only once for each function it appears in
18:56:18 **** Incremental Build of configuration Debug for project Sprints ****
Info: Internal Builder is used for build
gcc -O0 -g3 -Wall -c -fmessage-length=0 -o main.o "..\\main.c" 
gcc -o Sprints.exe interface.o main.o prog.o 
18:57:18 **** Incremental Build of configuration Debug for project Sprints ****
Info: Internal Builder is used for build
gcc -O0 -g3 -Wall -c -fmessage-length=0 -o main.o "..\\main.c" 
..\main.c: In function 'main':
..\main.c:19:1: error: 'x' undeclared (first use in this function)
 x = 5;
 ^
..\main.c:19:1: note: each undeclared identifier is reported only once for each function it appears in
19:43:07 **** Incremental Build of configuration Debug for project Sprints ****
Info: Internal Builder is used for build
gcc -O0 -g3 -Wall -c -fmessage-length=0 -o prog.o "..\\prog.c" 
gcc -O0 -g3 -Wall -c -fmessage-length=0 -o main.o "..\\main.c" 
gcc -o Sprints.exe interface.o main.o prog.o 
Info: Nothing to build for Sprints
Info: Nothing to build for Sprints
19:46:51 **** Incremental Build of configuration Debug for project Sprints ****
Info: Internal Builder is used for build
gcc -O0 -g3 -Wall -c -fmessage-length=0 -o main.o "..\\main.c" 
..\main.c:27:12: warning: 'y' defined but not used [-Wunused-variable]
 extern int y;
            ^
gcc -o Sprints.exe interface.o main.o prog.o 
Info: Nothing to build for Sprints
19:47:01 **** Incremental Build of configuration Debug for project Sprints ****
Info: Internal Builder is used for build
gcc -O0 -g3 -Wall -c -fmessage-length=0 -o main.o "..\\main.c" 
..\main.c:27:1: error: multiple storage classes in declaration specifiers
 extern static int y;
 ^~~~~~
..\main.c:27:19: warning: 'y' defined but not used [-Wunused-variable]
 extern static int y;
                   ^
19:47:05 **** Incremental Build of configuration Debug for project Sprints ****
Info: Internal Builder is used for build
gcc -O0 -g3 -Wall -c -fmessage-length=0 -o main.o "..\\main.c" 
..\main.c:27:13: warning: 'y' defined but not used [-Wunused-variable]
 extern  int y;
             ^
gcc -o Sprints.exe interface.o main.o prog.o 
19:47:09 **** Incremental Build of configuration Debug for project Sprints ****
Info: Internal Builder is used for build
gcc -O0 -g3 -Wall -c -fmessage-length=0 -o main.o "..\\main.c" 
..\main.c:29:13: warning: 'y' defined but not used [-Wunused-variable]
 extern  int y;
             ^
gcc -o Sprints.exe interface.o main.o prog.o 
Info: Nothing to build for Sprints
Info: Nothing to build for Sprints
19:47:17 **** Incremental Build of configuration Debug for project Sprints ****
Info: Internal Builder is used for build
gcc -O0 -g3 -Wall -c -fmessage-length=0 -o prog.o "..\\prog.c" 
gcc -o Sprints.exe interface.o main.o prog.o 
Info: Nothing to build for Sprints
19:47:58 **** Incremental Build of configuration Debug for project Sprints ****
Info: Internal Builder is used for build
gcc -O0 -g3 -Wall -c -fmessage-length=0 -o prog.o "..\\prog.c" 
gcc -o Sprints.exe interface.o main.o prog.o 
Info: Nothing to build for Sprints
19:48:58 **** Incremental Build of configuration Debug for project Sprints ****
Info: Internal Builder is used for build
gcc -O0 -g3 -Wall -c -fmessage-length=0 -o prog.o "..\\prog.c" 
..\prog.c:11:10: warning: type defaults to 'int' in declaration of 'y' [-Wimplicit-int]
 extern   y;
          ^
gcc -o Sprints.exe interface.o main.o prog.o 
19:49:23 **** Incremental Build of configuration Debug for project Sprints ****
Info: Internal Builder is used for build
gcc -O0 -g3 -Wall -c -fmessage-length=0 -o prog.o "..\\prog.c" 
..\prog.c:14:1: warning: data definition has no type or storage class
 y =5;
 ^
..\prog.c:14:1: warning: type defaults to 'int' in declaration of 'y' [-Wimplicit-int]
gcc -o Sprints.exe interface.o main.o prog.o 
Info: Nothing to build for Sprints
Info: Nothing to build for Sprints
19:50:09 **** Incremental Build of configuration Debug for project Sprints ****
Info: Internal Builder is used for build
gcc -O0 -g3 -Wall -c -fmessage-length=0 -o prog.o "..\\prog.c" 
gcc -o Sprints.exe interface.o main.o prog.o 
prog.o: In function `ff':
D:\KS_ES\codes\Learn_In_Depth_KS\Sprints\Debug/../prog.c:17: undefined reference to `y'
D:\KS_ES\codes\Learn_In_Depth_KS\Sprints\Debug/../prog.c:17: undefined reference to `y'
collect2.exe: error: ld returned 1 exit status
19:53:44 **** Incremental Build of configuration Debug for project Sprints ****
Info: Internal Builder is used for build
gcc -O0 -g3 -Wall -c -fmessage-length=0 -o prog.o "..\\prog.c" 
gcc -O0 -g3 -Wall -c -fmessage-length=0 -o main.o "..\\main.c" 
gcc -o Sprints.exe interface.o main.o prog.o 
main.o: In function `main':
D:\KS_ES\codes\Learn_In_Depth_KS\Sprints\Debug/../main.c:21: undefined reference to `y'
D:\KS_ES\codes\Learn_In_Depth_KS\Sprints\Debug/../main.c:21: undefined reference to `y'
D:\KS_ES\codes\Learn_In_Depth_KS\Sprints\Debug/../main.c:22: undefined reference to `y'
D:\KS_ES\codes\Learn_In_Depth_KS\Sprints\Debug/../main.c:28: undefined reference to `y'
D:\KS_ES\codes\Learn_In_Depth_KS\Sprints\Debug/../main.c:28: undefined reference to `y'
main.o:D:\KS_ES\codes\Learn_In_Depth_KS\Sprints\Debug/../main.c:29: more undefined references to `y' follow
collect2.exe: error: ld returned 1 exit status
19:54:01 **** Incremental Build of configuration Debug for project Sprints ****
Info: Internal Builder is used for build
gcc -O0 -g3 -Wall -c -fmessage-length=0 -o main.o "..\\main.c" 
gcc -o Sprints.exe interface.o main.o prog.o 
main.o: In function `main':
D:\KS_ES\codes\Learn_In_Depth_KS\Sprints\Debug/../main.c:22: undefined reference to `y'
D:\KS_ES\codes\Learn_In_Depth_KS\Sprints\Debug/../main.c:28: undefined reference to `y'
D:\KS_ES\codes\Learn_In_Depth_KS\Sprints\Debug/../main.c:28: undefined reference to `y'
D:\KS_ES\codes\Learn_In_Depth_KS\Sprints\Debug/../main.c:29: undefined reference to `y'
D:\KS_ES\codes\Learn_In_Depth_KS\Sprints\Debug/../main.c:36: undefined reference to `y'
main.o:D:\KS_ES\codes\Learn_In_Depth_KS\Sprints\Debug/../main.c:36: more undefined references to `y' follow
collect2.exe: error: ld returned 1 exit status
19:54:07 **** Incremental Build of configuration Debug for project Sprints ****
Info: Internal Builder is used for build
gcc -O0 -g3 -Wall -c -fmessage-length=0 -o main.o "..\\main.c" 
..\main.c: In function 'main':
..\main.c:20:15: warning: unused variable 'y' [-Wunused-variable]
   extern  int y;
               ^
gcc -o Sprints.exe interface.o main.o prog.o 
main.o: In function `main':
D:\KS_ES\codes\Learn_In_Depth_KS\Sprints\Debug/../main.c:28: undefined reference to `y'
D:\KS_ES\codes\Learn_In_Depth_KS\Sprints\Debug/../main.c:28: undefined reference to `y'
D:\KS_ES\codes\Learn_In_Depth_KS\Sprints\Debug/../main.c:29: undefined reference to `y'
D:\KS_ES\codes\Learn_In_Depth_KS\Sprints\Debug/../main.c:36: undefined reference to `y'
D:\KS_ES\codes\Learn_In_Depth_KS\Sprints\Debug/../main.c:36: undefined reference to `y'
main.o:D:\KS_ES\codes\Learn_In_Depth_KS\Sprints\Debug/../main.c:37: more undefined references to `y' follow
collect2.exe: error: ld returned 1 exit status
19:54:14 **** Incremental Build of configuration Debug for project Sprints ****
Info: Internal Builder is used for build
gcc -O0 -g3 -Wall -c -fmessage-length=0 -o main.o "..\\main.c" 
gcc -o Sprints.exe interface.o main.o prog.o 
19:54:24 **** Incremental Build of configuration Debug for project Sprints ****
Info: Internal Builder is used for build
gcc -O0 -g3 -Wall -c -fmessage-length=0 -o main.o "..\\main.c" 
gcc -o Sprints.exe interface.o main.o prog.o 
Info: Nothing to build for Sprints
Info: Nothing to build for Sprints
19:55:15 **** Incremental Build of configuration Debug for project Sprints ****
Info: Internal Builder is used for build
gcc -O0 -g3 -Wall -c -fmessage-length=0 -o main.o "..\\main.c" 
gcc -o Sprints.exe interface.o main.o prog.o 
main.o: In function `main':
D:\KS_ES\codes\Learn_In_Depth_KS\Sprints\Debug/../main.c:22: undefined reference to `y'
D:\KS_ES\codes\Learn_In_Depth_KS\Sprints\Debug/../main.c:22: undefined reference to `y'
D:\KS_ES\codes\Learn_In_Depth_KS\Sprints\Debug/../main.c:23: undefined reference to `y'
D:\KS_ES\codes\Learn_In_Depth_KS\Sprints\Debug/../main.c:29: undefined reference to `y'
D:\KS_ES\codes\Learn_In_Depth_KS\Sprints\Debug/../main.c:29: undefined reference to `y'
main.o:D:\KS_ES\codes\Learn_In_Depth_KS\Sprints\Debug/../main.c:30: more undefined references to `y' follow
collect2.exe: error: ld returned 1 exit status
19:55:24 **** Incremental Build of configuration Debug for project Sprints ****
Info: Internal Builder is used for build
gcc -O0 -g3 -Wall -c -fmessage-length=0 -o main.o "..\\main.c" 
..\main.c: In function 'main':
..\main.c:22:4: warning: 'y' is used uninitialized in this function [-Wuninitialized]
   y++;
   ~^~
gcc -o Sprints.exe interface.o main.o prog.o 
main.o: In function `main':
D:\KS_ES\codes\Learn_In_Depth_KS\Sprints\Debug/../main.c:29: undefined reference to `y'
D:\KS_ES\codes\Learn_In_Depth_KS\Sprints\Debug/../main.c:29: undefined reference to `y'
D:\KS_ES\codes\Learn_In_Depth_KS\Sprints\Debug/../main.c:30: undefined reference to `y'
D:\KS_ES\codes\Learn_In_Depth_KS\Sprints\Debug/../main.c:37: undefined reference to `y'
D:\KS_ES\codes\Learn_In_Depth_KS\Sprints\Debug/../main.c:37: undefined reference to `y'
main.o:D:\KS_ES\codes\Learn_In_Depth_KS\Sprints\Debug/../main.c:38: more undefined references to `y' follow
collect2.exe: error: ld returned 1 exit status
19:55:29 **** Incremental Build of configuration Debug for project Sprints ****
Info: Internal Builder is used for build
gcc -O0 -g3 -Wall -c -fmessage-length=0 -o main.o "..\\main.c" 
gcc -o Sprints.exe interface.o main.o prog.o 
main.o: In function `main':
D:\KS_ES\codes\Learn_In_Depth_KS\Sprints\Debug/../main.c:28: undefined reference to `y'
D:\KS_ES\codes\Learn_In_Depth_KS\Sprints\Debug/../main.c:28: undefined reference to `y'
D:\KS_ES\codes\Learn_In_Depth_KS\Sprints\Debug/../main.c:29: undefined reference to `y'
D:\KS_ES\codes\Learn_In_Depth_KS\Sprints\Debug/../main.c:36: undefined reference to `y'
D:\KS_ES\codes\Learn_In_Depth_KS\Sprints\Debug/../main.c:36: undefined reference to `y'
main.o:D:\KS_ES\codes\Learn_In_Depth_KS\Sprints\Debug/../main.c:37: more undefined references to `y' follow
collect2.exe: error: ld returned 1 exit status
20:10:22 **** Incremental Build of configuration Debug for project Sprints ****
Info: Internal Builder is used for build
gcc -O0 -g3 -Wall -c -fmessage-length=0 -o main.o "..\\main.c" 
..\main.c: In function 'main':
..\main.c:18:3: warning: 'y' is used uninitialized in this function [-Wuninitialized]
   printf("%d\n",y);
   ^~~~~~~~~~~~~~~~
gcc -o Sprints.exe interface.o main.o prog.o 
Info: Nothing to build for Sprints
Info: Nothing to build for Sprints
20:10:41 **** Incremental Build of configuration Debug for project Sprints ****
Info: Internal Builder is used for build
gcc -O0 -g3 -Wall -c -fmessage-length=0 -o main.o "..\\main.c" 
..\main.c: In function 'main':
..\main.c:17:17: error: 'y' undeclared (first use in this function)
   printf("%d\n",y);
                 ^
..\main.c:17:17: note: each undeclared identifier is reported only once for each function it appears in
20:10:43 **** Incremental Build of configuration Debug for project Sprints ****
Info: Internal Builder is used for build
gcc -O0 -g3 -Wall -c -fmessage-length=0 -o main.o "..\\main.c" 
..\main.c:10:15: error: register name not specified for 'y'
  register int y;
               ^
20:10:44 **** Incremental Build of configuration Debug for project Sprints ****
Info: Internal Builder is used for build
gcc -O0 -g3 -Wall -c -fmessage-length=0 -o main.o "..\\main.c" 
..\main.c:10:15: error: register name not specified for 'y'
  register int y;
               ^
20:10:55 **** Incremental Build of configuration Debug for project Sprints ****
Info: Internal Builder is used for build
gcc -O0 -g3 -Wall -c -fmessage-length=0 -o main.o "..\\main.c" 
..\main.c: In function 'main':
..\main.c:18:3: warning: 'y' is used uninitialized in this function [-Wuninitialized]
   printf("%d\n",y);
   ^~~~~~~~~~~~~~~~
gcc -o Sprints.exe interface.o main.o prog.o 
20:17:33 **** Incremental Build of configuration Debug for project Sprints ****
Info: Internal Builder is used for build
gcc -O0 -g3 -Wall -c -fmessage-length=0 -o main.o "..\\main.c" 
..\main.c: In function 'main':
..\main.c:18:3: error: address of register variable 'y' requested
   printf("%d\n",&y);
   ^~~~~~
23:34:05 **** Rebuild of configuration Debug for project Algorithms_BinarySearch ****
Info: Internal Builder is used for build
gcc -O0 -g3 -Wall -c -fmessage-length=0 -o main.o "..\\main.c" 
..\main.c: In function 'main':
..\main.c:26:4: warning: implicit declaration of function 'printf' [-Wimplicit-function-declaration]
    printf("The index is %d",m);
    ^~~~~~
..\main.c:26:4: warning: incompatible implicit declaration of built-in function 'printf'
..\main.c:26:4: note: include '<stdio.h>' or provide a declaration of 'printf'
gcc -o Algorithms_BinarySearch.exe main.o 
23:34:06 **** Incremental Build of configuration Debug for project Sprints ****
Info: Internal Builder is used for build
gcc -O0 -g3 -Wall -c -fmessage-length=0 -o main.o "..\\main.c" 
..\main.c: In function 'main':
..\main.c:18:3: error: address of register variable 'y' requested
   printf("%d\n",&y);
   ^~~~~~
Info: Nothing to build for Algorithms_BinarySearch
Info: Nothing to build for Algorithms_BinarySearch
Info: Nothing to build for Algorithms_BinarySearch
23:35:21 **** Incremental Build of configuration Debug for project Algorithms_BinarySearch ****
Info: Internal Builder is used for build
gcc -O0 -g3 -Wall -c -fmessage-length=0 -o main.o "..\\main.c" 
..\main.c: In function 'main':
..\main.c:26:4: warning: implicit declaration of function 'printf' [-Wimplicit-function-declaration]
    printf("The index is %d",m);
    ^~~~~~
..\main.c:26:4: warning: incompatible implicit declaration of built-in function 'printf'
..\main.c:26:4: note: include '<stdio.h>' or provide a declaration of 'printf'
gcc -o Algorithms_BinarySearch.exe main.o 
Info: Nothing to build for Algorithms_BinarySearch
23:35:29 **** Incremental Build of configuration Debug for project Algorithms_BinarySearch ****
Info: Internal Builder is used for build
gcc -O0 -g3 -Wall -c -fmessage-length=0 -o main.o "..\\main.c" 
..\main.c: In function 'main':
..\main.c:26:4: warning: implicit declaration of function 'printf' [-Wimplicit-function-declaration]
    printf("The index is %d\n",m);
    ^~~~~~
..\main.c:26:4: warning: incompatible implicit declaration of built-in function 'printf'
..\main.c:26:4: note: include '<stdio.h>' or provide a declaration of 'printf'
gcc -o Algorithms_BinarySearch.exe main.o 
Info: Nothing to build for Algorithms_BinarySearch
